Change Component Comment : Designator=22pF(2) Old Comment=C1206C220JGGACTU New Comment=C1206C220JGGACTU (22pF)
Change Component Comment : Designator=22pF Old Comment=C1206C220JGGACTU New Comment=C1206C220JGGACTU (22pF)
Change Component Designator: OldDesignator=16MHz NewDesignator=1
Change Component Designator: OldDesignator=22pF(2) NewDesignator=C8
Change Component Designator: OldDesignator=22pF NewDesignator=C7
Change Component Designator: OldDesignator=A/D NewDesignator=A/D1
Change Component Designator: OldDesignator=C1 NewDesignator=C3
Change Component Designator: OldDesignator=C2 NewDesignator=C4
Change Component Designator: OldDesignator=C3 NewDesignator=C5
Change Component Designator: OldDesignator=C4 NewDesignator=C1
Change Component Designator: OldDesignator=C5 NewDesignator=C2
Change Component Designator: OldDesignator=D NewDesignator=D1
Change Component Designator: OldDesignator=IC NewDesignator=IC1
Change Component Designator: OldDesignator=Power(5V) NewDesignator=Power(1
Change Component Designator: OldDesignator=Power NewDesignator=Power1
Change Component Designator: OldDesignator=U2 NewDesignator=U1
Added Component: Designator=switch(JST_B2B-XH-A)
Add component (AddParameter): Name = "Availability"; Value = "Unavailable"; VariantName = "[No Variations]"
Add component (AddParameter): Name = "MF"; Value = "{'manufacturer': u'JST Sales America Inc.'}"; VariantName = "[No Variations]"
Add component (AddParameter): Name = "MP"; Value = "B2B-XH-A"; VariantName = "[No Variations]"
Add component (AddParameter): Name = "Package"; Value = "None"; VariantName = "[No Variations]"
Add component (AddParameter): Name = "Price"; Value = "None"; VariantName = "[No Variations]"
Add component (AddParameter): Name = "Value"; Value = ""; VariantName = "[No Variations]"
Change Net Name : Old Net Name=Net16MHz_1 New Net Name=Net1_1
Change Net Name : Old Net Name=Net16MHz_3 New Net Name=Net1_3
Change Net Name : Old Net Name=NetA/D_1 New Net Name=NetA/D1_1
Change Net Name : Old Net Name=NetA/D_2 New Net Name=NetA/D1_2
Change Net Name : Old Net Name=NetD_1 New Net Name=NetD1_1
Change Net Name : Old Net Name=NetD_2 New Net Name=NetD1_2
Change Net Name : Old Net Name=NetD_3 New Net Name=NetD1_3
Change Net Name : Old Net Name=NetIC_23 New Net Name=NetIC1_23
Change Net Name : Old Net Name=NetIC_24 New Net Name=NetIC1_24
Change Net Name : Old Net Name=NetIC_25 New Net Name=NetIC1_25
Change Net Name : Old Net Name=NetIC_26 New Net Name=NetIC1_26
Change Net Name : Old Net Name=NetIC_30 New Net Name=NetIC1_30
Change Net Name : Old Net Name=NetIC_31 New Net Name=NetIC1_31
Added Pin To Net: NetName=NetC1_1 Pin=C1-1
Added Pin To Net: NetName=NetC1_1 Pin=switch-1
Added Pin To Net: NetName=NetC1_1 Pin=U1-1
Added Net: Name=NetC1_1
Added Pin To Net: NetName=NetPower1_1 Pin=Power1-1
Added Pin To Net: NetName=NetPower1_1 Pin=switch-2
Added Net: Name=NetPower1_1
Added Member To Class: ClassName=Inputs Member=Component switch B2B-XH-A
