Added Component: Designator=16MHz(XTAL_ABM11-16.000MHz-12-N1G-T)
Add component (AddParameter): Name = "Availability"; Value = "Unavailable"; VariantName = "[No Variations]"
Add component (AddParameter): Name = "MF"; Value = "{'manufacturer': u'Abracon LLC'}"; VariantName = "[No Variations]"
Add component (AddParameter): Name = "MP"; Value = "ABM11-16.000MHz-12-N1G-T"; VariantName = "[No Variations]"
Add component (AddParameter): Name = "Package"; Value = "None"; VariantName = "[No Variations]"
Add component (AddParameter): Name = "Price"; Value = "None"; VariantName = "[No Variations]"
Add component (AddParameter): Name = "Value"; Value = ""; VariantName = "[No Variations]"
Added Component: Designator=22pF(1)(C1206)
Add component (AddParameter): Name = "Arrow Part Number"; Value = ""; VariantName = "[No Variations]"
Add component (AddParameter): Name = "Arrow Price/Stock"; Value = ""; VariantName = "[No Variations]"
Add component (AddParameter): Name = "Datasheet Link"; Value = "https://content.kemet.com/datasheets/KEM_C1009_C0G_HV_SMD.pdf"; VariantName = "[No Variations]"
Add component (AddParameter): Name = "Manufacturer_Name"; Value = "KEMET"; VariantName = "[No Variations]"
Add component (AddParameter): Name = "Manufacturer_Part_Number"; Value = "C1206C220JGGACTU"; VariantName = "[No Variations]"
Add component (AddParameter): Name = "Mouser Part Number"; Value = "80-C1206C220JGG"; VariantName = "[No Variations]"
Add component (AddParameter): Name = "Mouser Price/Stock"; Value = "https://www.mouser.co.uk/ProductDetail/KEMET/C1206C220JGGACTU?qs=bISZhnDGhxtrVzrFMq60vg%3D%3D"; VariantName = "[No Variations]"
Added Component: Designator=22pF(2)(C1206)
Add component (AddParameter): Name = "Arrow Part Number"; Value = ""; VariantName = "[No Variations]"
Add component (AddParameter): Name = "Arrow Price/Stock"; Value = ""; VariantName = "[No Variations]"
Add component (AddParameter): Name = "Datasheet Link"; Value = "https://content.kemet.com/datasheets/KEM_C1009_C0G_HV_SMD.pdf"; VariantName = "[No Variations]"
Add component (AddParameter): Name = "Manufacturer_Name"; Value = "KEMET"; VariantName = "[No Variations]"
Add component (AddParameter): Name = "Manufacturer_Part_Number"; Value = "C1206C220JGGACTU"; VariantName = "[No Variations]"
Add component (AddParameter): Name = "Mouser Part Number"; Value = "80-C1206C220JGG"; VariantName = "[No Variations]"
Add component (AddParameter): Name = "Mouser Price/Stock"; Value = "https://www.mouser.co.uk/ProductDetail/KEMET/C1206C220JGGACTU?qs=bISZhnDGhxtrVzrFMq60vg%3D%3D"; VariantName = "[No Variations]"
Added Component: Designator=A/D_Inputs(JST_B2B-XH-A)
Add component (AddParameter): Name = "Availability"; Value = "Unavailable"; VariantName = "[No Variations]"
Add component (AddParameter): Name = "MF"; Value = "{'manufacturer': u'JST Sales America Inc.'}"; VariantName = "[No Variations]"
Add component (AddParameter): Name = "MP"; Value = "B2B-XH-A"; VariantName = "[No Variations]"
Add component (AddParameter): Name = "Package"; Value = "None"; VariantName = "[No Variations]"
Add component (AddParameter): Name = "Price"; Value = "None"; VariantName = "[No Variations]"
Add component (AddParameter): Name = "Value"; Value = ""; VariantName = "[No Variations]"
Added Component: Designator=A/D_Outputs(JST_B2B-XH-A)
Add component (AddParameter): Name = "Availability"; Value = "Unavailable"; VariantName = "[No Variations]"
Add component (AddParameter): Name = "MF"; Value = "{'manufacturer': u'JST Sales America Inc.'}"; VariantName = "[No Variations]"
Add component (AddParameter): Name = "MP"; Value = "B2B-XH-A"; VariantName = "[No Variations]"
Add component (AddParameter): Name = "Package"; Value = "None"; VariantName = "[No Variations]"
Add component (AddParameter): Name = "Price"; Value = "None"; VariantName = "[No Variations]"
Add component (AddParameter): Name = "Value"; Value = ""; VariantName = "[No Variations]"
Added Component: Designator=C1(AVX-1206-2_L)
Add component (AddParameter): Name = "Capacitance"; Value = "100nF"; VariantName = "[No Variations]"
Add component (AddParameter): Name = "Case Size/Dimension"; Value = "1206"; VariantName = "[No Variations]"
Add component (AddParameter): Name = "Datasheet URL"; Value = "https://datasheet.ciiva.com/11787/0900766b80ed4c37-11787781.pdf"; VariantName = "[No Variations]"
Add component (AddParameter): Name = "Datasheet Version"; Value = "11/2010"; VariantName = "[No Variations]"
Add component (AddParameter): Name = "Dielectric"; Value = "X7R"; VariantName = "[No Variations]"
Add component (AddParameter): Name = "Manufacturer"; Value = "AVX"; VariantName = "[No Variations]"
Add component (AddParameter): Name = "Manufacturer URL"; Value = "http://www.avx.com/"; VariantName = "[No Variations]"
Add component (AddParameter): Name = "Mounting Technology"; Value = "SurfaceMount"; VariantName = "[No Variations]"
Add component (AddParameter): Name = "Package Description"; Value = "2-Pin SMD, Body 3.4 x 1.8 mm"; VariantName = "[No Variations]"
Add component (AddParameter): Name = "Package Reference"; Value = "1206"; VariantName = "[No Variations]"
Add component (AddParameter): Name = "PartNumber"; Value = "1206GC102KAT1A"; VariantName = "[No Variations]"
Add component (AddParameter): Name = "Rated Voltage"; Value = "2000V"; VariantName = "[No Variations]"
Add component (AddParameter): Name = "Tolerance"; Value = "10%"; VariantName = "[No Variations]"
Add component (AddParameter): Name = "Tolerance (%)"; Value = "±10%"; VariantName = "[No Variations]"
Add component (AddParameter): Name = "Voltage Rating DC"; Value = "2000V"; VariantName = "[No Variations]"
Added Component: Designator=C2(CAPC3216X94N)
Add component (AddParameter): Name = "Arrow Part Number"; Value = ""; VariantName = "[No Variations]"
Add component (AddParameter): Name = "Arrow Price/Stock"; Value = ""; VariantName = "[No Variations]"
Add component (AddParameter): Name = "Datasheet Link"; Value = "https://datasheets.kyocera-avx.com/AutoMLCCKAM.pdf"; VariantName = "[No Variations]"
Add component (AddParameter): Name = "Height"; Value = "0.94mm"; VariantName = "[No Variations]"
Add component (AddParameter): Name = "Manufacturer_Name"; Value = "Kyocera AVX"; VariantName = "[No Variations]"
Add component (AddParameter): Name = "Manufacturer_Part_Number"; Value = "KAM31BR81H103KT"; VariantName = "[No Variations]"
Add component (AddParameter): Name = "Mouser Part Number"; Value = "581-KAM31BR81H103KT"; VariantName = "[No Variations]"
Add component (AddParameter): Name = "Mouser Price/Stock"; Value = "https://www.mouser.co.uk/ProductDetail/KYOCERA-AVX/KAM31BR81H103KT?qs=Jm2GQyTW%2FbjzijSUJGW%2FJA%3D%3D"; VariantName = "[No Variations]"
Added Component: Designator=C3(CAPC3216X94N)
Add component (AddParameter): Name = "Arrow Part Number"; Value = ""; VariantName = "[No Variations]"
Add component (AddParameter): Name = "Arrow Price/Stock"; Value = ""; VariantName = "[No Variations]"
Add component (AddParameter): Name = "Datasheet Link"; Value = "https://datasheets.kyocera-avx.com/AutoMLCCKAM.pdf"; VariantName = "[No Variations]"
Add component (AddParameter): Name = "Height"; Value = "0.94mm"; VariantName = "[No Variations]"
Add component (AddParameter): Name = "Manufacturer_Name"; Value = "Kyocera AVX"; VariantName = "[No Variations]"
Add component (AddParameter): Name = "Manufacturer_Part_Number"; Value = "KAM31BR81H103KT"; VariantName = "[No Variations]"
Add component (AddParameter): Name = "Mouser Part Number"; Value = "581-KAM31BR81H103KT"; VariantName = "[No Variations]"
Add component (AddParameter): Name = "Mouser Price/Stock"; Value = "https://www.mouser.co.uk/ProductDetail/KYOCERA-AVX/KAM31BR81H103KT?qs=Jm2GQyTW%2FbjzijSUJGW%2FJA%3D%3D"; VariantName = "[No Variations]"
Added Component: Designator=C4(AVX-1206-2_L)
Add component (AddParameter): Name = "Capacitance"; Value = "0.001uF"; VariantName = "[No Variations]"
Add component (AddParameter): Name = "Case Size/Dimension"; Value = "1206"; VariantName = "[No Variations]"
Add component (AddParameter): Name = "Datasheet URL"; Value = "https://datasheet.ciiva.com/11787/0900766b80ed4c37-11787781.pdf"; VariantName = "[No Variations]"
Add component (AddParameter): Name = "Datasheet Version"; Value = "11/2010"; VariantName = "[No Variations]"
Add component (AddParameter): Name = "Dielectric"; Value = "X7R"; VariantName = "[No Variations]"
Add component (AddParameter): Name = "Manufacturer"; Value = "AVX"; VariantName = "[No Variations]"
Add component (AddParameter): Name = "Manufacturer URL"; Value = "http://www.avx.com/"; VariantName = "[No Variations]"
Add component (AddParameter): Name = "Mounting Technology"; Value = "SurfaceMount"; VariantName = "[No Variations]"
Add component (AddParameter): Name = "Package Description"; Value = "2-Pin SMD, Body 3.4 x 1.8 mm"; VariantName = "[No Variations]"
Add component (AddParameter): Name = "Package Reference"; Value = "1206"; VariantName = "[No Variations]"
Add component (AddParameter): Name = "PartNumber"; Value = "1206GC102KAT1A"; VariantName = "[No Variations]"
Add component (AddParameter): Name = "Rated Voltage"; Value = "2000V"; VariantName = "[No Variations]"
Add component (AddParameter): Name = "Tolerance"; Value = "10%"; VariantName = "[No Variations]"
Add component (AddParameter): Name = "Tolerance (%)"; Value = "±10%"; VariantName = "[No Variations]"
Add component (AddParameter): Name = "Voltage Rating DC"; Value = "2000V"; VariantName = "[No Variations]"
Added Component: Designator=C5(AVX-1206-2_L)
Add component (AddParameter): Name = "Capacitance"; Value = "0.001uF"; VariantName = "[No Variations]"
Add component (AddParameter): Name = "Case Size/Dimension"; Value = "1206"; VariantName = "[No Variations]"
Add component (AddParameter): Name = "Datasheet URL"; Value = "https://datasheet.ciiva.com/11787/0900766b80ed4c37-11787781.pdf"; VariantName = "[No Variations]"
Add component (AddParameter): Name = "Datasheet Version"; Value = "11/2010"; VariantName = "[No Variations]"
Add component (AddParameter): Name = "Dielectric"; Value = "X7R"; VariantName = "[No Variations]"
Add component (AddParameter): Name = "Manufacturer"; Value = "AVX"; VariantName = "[No Variations]"
Add component (AddParameter): Name = "Manufacturer URL"; Value = "http://www.avx.com/"; VariantName = "[No Variations]"
Add component (AddParameter): Name = "Mounting Technology"; Value = "SurfaceMount"; VariantName = "[No Variations]"
Add component (AddParameter): Name = "Package Description"; Value = "2-Pin SMD, Body 3.4 x 1.8 mm"; VariantName = "[No Variations]"
Add component (AddParameter): Name = "Package Reference"; Value = "1206"; VariantName = "[No Variations]"
Add component (AddParameter): Name = "PartNumber"; Value = "1206GC102KAT1A"; VariantName = "[No Variations]"
Add component (AddParameter): Name = "Rated Voltage"; Value = "2000V"; VariantName = "[No Variations]"
Add component (AddParameter): Name = "Tolerance"; Value = "10%"; VariantName = "[No Variations]"
Add component (AddParameter): Name = "Tolerance (%)"; Value = "±10%"; VariantName = "[No Variations]"
Add component (AddParameter): Name = "Voltage Rating DC"; Value = "2000V"; VariantName = "[No Variations]"
Added Component: Designator=C6(AVX-1206-2_L)
Add component (AddParameter): Name = "Capacitance"; Value = "100nF"; VariantName = "[No Variations]"
Add component (AddParameter): Name = "Case Size/Dimension"; Value = "1206"; VariantName = "[No Variations]"
Add component (AddParameter): Name = "Datasheet URL"; Value = "https://datasheet.ciiva.com/11787/0900766b80ed4c37-11787781.pdf"; VariantName = "[No Variations]"
Add component (AddParameter): Name = "Datasheet Version"; Value = "11/2010"; VariantName = "[No Variations]"
Add component (AddParameter): Name = "Dielectric"; Value = "X7R"; VariantName = "[No Variations]"
Add component (AddParameter): Name = "Manufacturer"; Value = "AVX"; VariantName = "[No Variations]"
Add component (AddParameter): Name = "Manufacturer URL"; Value = "http://www.avx.com/"; VariantName = "[No Variations]"
Add component (AddParameter): Name = "Mounting Technology"; Value = "SurfaceMount"; VariantName = "[No Variations]"
Add component (AddParameter): Name = "Package Description"; Value = "2-Pin SMD, Body 3.4 x 1.8 mm"; VariantName = "[No Variations]"
Add component (AddParameter): Name = "Package Reference"; Value = "1206"; VariantName = "[No Variations]"
Add component (AddParameter): Name = "PartNumber"; Value = "1206GC102KAT1A"; VariantName = "[No Variations]"
Add component (AddParameter): Name = "Rated Voltage"; Value = "2000V"; VariantName = "[No Variations]"
Add component (AddParameter): Name = "Tolerance"; Value = "10%"; VariantName = "[No Variations]"
Add component (AddParameter): Name = "Tolerance (%)"; Value = "±10%"; VariantName = "[No Variations]"
Add component (AddParameter): Name = "Voltage Rating DC"; Value = "2000V"; VariantName = "[No Variations]"
Added Component: Designator=current sensor 1_Inputs(JST_B3B-XH-A(LF)(SN))
Add component (AddParameter): Name = "Check_prices"; Value = "https://www.snapeda.com/parts/B3B-XH-A(LF)(SN)/JST+Sales+America+Inc./view-part/?ref=eda"; VariantName = "[No Variations]"
Add component (AddParameter): Name = "MF"; Value = "JST Sales"; VariantName = "[No Variations]"
Add component (AddParameter): Name = "MP"; Value = "B3B-XH-A(LF)(SN)"; VariantName = "[No Variations]"
Add component (AddParameter): Name = "Package"; Value = "None"; VariantName = "[No Variations]"
Add component (AddParameter): Name = "SnapEDA_Link"; Value = "https://www.snapeda.com/parts/B3B-XH-A(LF)(SN)/JST+Sales+America+Inc./view-part/?ref=snap"; VariantName = "[No Variations]"
Add component (AddParameter): Name = "Value"; Value = ""; VariantName = "[No Variations]"
Added Component: Designator=current sensor 1_Outputs(JST_B3B-XH-A(LF)(SN))
Add component (AddParameter): Name = "Check_prices"; Value = "https://www.snapeda.com/parts/B3B-XH-A(LF)(SN)/JST+Sales+America+Inc./view-part/?ref=eda"; VariantName = "[No Variations]"
Add component (AddParameter): Name = "MF"; Value = "JST Sales"; VariantName = "[No Variations]"
Add component (AddParameter): Name = "MP"; Value = "B3B-XH-A(LF)(SN)"; VariantName = "[No Variations]"
Add component (AddParameter): Name = "Package"; Value = "None"; VariantName = "[No Variations]"
Add component (AddParameter): Name = "SnapEDA_Link"; Value = "https://www.snapeda.com/parts/B3B-XH-A(LF)(SN)/JST+Sales+America+Inc./view-part/?ref=snap"; VariantName = "[No Variations]"
Add component (AddParameter): Name = "Value"; Value = ""; VariantName = "[No Variations]"
Added Component: Designator=current sensor 2_Inputs(JST_B3B-XH-A(LF)(SN))
Add component (AddParameter): Name = "Check_prices"; Value = "https://www.snapeda.com/parts/B3B-XH-A(LF)(SN)/JST+Sales+America+Inc./view-part/?ref=eda"; VariantName = "[No Variations]"
Add component (AddParameter): Name = "MF"; Value = "JST Sales"; VariantName = "[No Variations]"
Add component (AddParameter): Name = "MP"; Value = "B3B-XH-A(LF)(SN)"; VariantName = "[No Variations]"
Add component (AddParameter): Name = "Package"; Value = "None"; VariantName = "[No Variations]"
Add component (AddParameter): Name = "SnapEDA_Link"; Value = "https://www.snapeda.com/parts/B3B-XH-A(LF)(SN)/JST+Sales+America+Inc./view-part/?ref=snap"; VariantName = "[No Variations]"
Add component (AddParameter): Name = "Value"; Value = ""; VariantName = "[No Variations]"
Added Component: Designator=current sensor 2_Outputs(JST_B3B-XH-A(LF)(SN))
Add component (AddParameter): Name = "Check_prices"; Value = "https://www.snapeda.com/parts/B3B-XH-A(LF)(SN)/JST+Sales+America+Inc./view-part/?ref=eda"; VariantName = "[No Variations]"
Add component (AddParameter): Name = "MF"; Value = "JST Sales"; VariantName = "[No Variations]"
Add component (AddParameter): Name = "MP"; Value = "B3B-XH-A(LF)(SN)"; VariantName = "[No Variations]"
Add component (AddParameter): Name = "Package"; Value = "None"; VariantName = "[No Variations]"
Add component (AddParameter): Name = "SnapEDA_Link"; Value = "https://www.snapeda.com/parts/B3B-XH-A(LF)(SN)/JST+Sales+America+Inc./view-part/?ref=snap"; VariantName = "[No Variations]"
Add component (AddParameter): Name = "Value"; Value = ""; VariantName = "[No Variations]"
Added Component: Designator=D_Inputs(JST_B3B-XH-A(LF)(SN))
Add component (AddParameter): Name = "Check_prices"; Value = "https://www.snapeda.com/parts/B3B-XH-A(LF)(SN)/JST+Sales+America+Inc./view-part/?ref=eda"; VariantName = "[No Variations]"
Add component (AddParameter): Name = "MF"; Value = "JST Sales"; VariantName = "[No Variations]"
Add component (AddParameter): Name = "MP"; Value = "B3B-XH-A(LF)(SN)"; VariantName = "[No Variations]"
Add component (AddParameter): Name = "Package"; Value = "None"; VariantName = "[No Variations]"
Add component (AddParameter): Name = "SnapEDA_Link"; Value = "https://www.snapeda.com/parts/B3B-XH-A(LF)(SN)/JST+Sales+America+Inc./view-part/?ref=snap"; VariantName = "[No Variations]"
Add component (AddParameter): Name = "Value"; Value = ""; VariantName = "[No Variations]"
Added Component: Designator=D_Outputs(JST_B3B-XH-A(LF)(SN))
Add component (AddParameter): Name = "Check_prices"; Value = "https://www.snapeda.com/parts/B3B-XH-A(LF)(SN)/JST+Sales+America+Inc./view-part/?ref=eda"; VariantName = "[No Variations]"
Add component (AddParameter): Name = "MF"; Value = "JST Sales"; VariantName = "[No Variations]"
Add component (AddParameter): Name = "MP"; Value = "B3B-XH-A(LF)(SN)"; VariantName = "[No Variations]"
Add component (AddParameter): Name = "Package"; Value = "None"; VariantName = "[No Variations]"
Add component (AddParameter): Name = "SnapEDA_Link"; Value = "https://www.snapeda.com/parts/B3B-XH-A(LF)(SN)/JST+Sales+America+Inc./view-part/?ref=snap"; VariantName = "[No Variations]"
Add component (AddParameter): Name = "Value"; Value = ""; VariantName = "[No Variations]"
Added Component: Designator=H-Bridge1_Inputs(JST_B2B-XH-A)
Add component (AddParameter): Name = "Availability"; Value = "Unavailable"; VariantName = "[No Variations]"
Add component (AddParameter): Name = "MF"; Value = "{'manufacturer': u'JST Sales America Inc.'}"; VariantName = "[No Variations]"
Add component (AddParameter): Name = "MP"; Value = "B2B-XH-A"; VariantName = "[No Variations]"
Add component (AddParameter): Name = "Package"; Value = "None"; VariantName = "[No Variations]"
Add component (AddParameter): Name = "Price"; Value = "None"; VariantName = "[No Variations]"
Add component (AddParameter): Name = "Value"; Value = ""; VariantName = "[No Variations]"
Added Component: Designator=H-Bridge1_Outputs(JST_B2B-XH-A)
Add component (AddParameter): Name = "Availability"; Value = "Unavailable"; VariantName = "[No Variations]"
Add component (AddParameter): Name = "MF"; Value = "{'manufacturer': u'JST Sales America Inc.'}"; VariantName = "[No Variations]"
Add component (AddParameter): Name = "MP"; Value = "B2B-XH-A"; VariantName = "[No Variations]"
Add component (AddParameter): Name = "Package"; Value = "None"; VariantName = "[No Variations]"
Add component (AddParameter): Name = "Price"; Value = "None"; VariantName = "[No Variations]"
Add component (AddParameter): Name = "Value"; Value = ""; VariantName = "[No Variations]"
Added Component: Designator=H-Bridge2_Inputs(JST_B2B-XH-A)
Add component (AddParameter): Name = "Availability"; Value = "Unavailable"; VariantName = "[No Variations]"
Add component (AddParameter): Name = "MF"; Value = "{'manufacturer': u'JST Sales America Inc.'}"; VariantName = "[No Variations]"
Add component (AddParameter): Name = "MP"; Value = "B2B-XH-A"; VariantName = "[No Variations]"
Add component (AddParameter): Name = "Package"; Value = "None"; VariantName = "[No Variations]"
Add component (AddParameter): Name = "Price"; Value = "None"; VariantName = "[No Variations]"
Add component (AddParameter): Name = "Value"; Value = ""; VariantName = "[No Variations]"
Added Component: Designator=H-Bridge2_Outputs(JST_B2B-XH-A)
Add component (AddParameter): Name = "Availability"; Value = "Unavailable"; VariantName = "[No Variations]"
Add component (AddParameter): Name = "MF"; Value = "{'manufacturer': u'JST Sales America Inc.'}"; VariantName = "[No Variations]"
Add component (AddParameter): Name = "MP"; Value = "B2B-XH-A"; VariantName = "[No Variations]"
Add component (AddParameter): Name = "Package"; Value = "None"; VariantName = "[No Variations]"
Add component (AddParameter): Name = "Price"; Value = "None"; VariantName = "[No Variations]"
Add component (AddParameter): Name = "Value"; Value = ""; VariantName = "[No Variations]"
Added Component: Designator=IC(QFP80P900X900X120-32N)
Add component (AddParameter): Name = "Arrow Part Number"; Value = "ATMEGA328P-AU"; VariantName = "[No Variations]"
Add component (AddParameter): Name = "Arrow Price/Stock"; Value = "https://www.arrow.com/en/products/atmega328p-au/microchip-technology?region=europe"; VariantName = "[No Variations]"
Add component (AddParameter): Name = "Datasheet Link"; Value = "https://componentsearchengine.com/Datasheets/2/ATMEGA328P-AU.pdf"; VariantName = "[No Variations]"
Add component (AddParameter): Name = "Height"; Value = "1.2mm"; VariantName = "[No Variations]"
Add component (AddParameter): Name = "Manufacturer_Name"; Value = "Microchip"; VariantName = "[No Variations]"
Add component (AddParameter): Name = "Manufacturer_Part_Number"; Value = "ATMEGA328P-AU"; VariantName = "[No Variations]"
Add component (AddParameter): Name = "Mouser Part Number"; Value = "556-ATMEGA328P-AU"; VariantName = "[No Variations]"
Add component (AddParameter): Name = "Mouser Price/Stock"; Value = "https://www.mouser.co.uk/ProductDetail/Microchip-Technology/ATMEGA328P-AU?qs=K8BHR703ZXiCmmgp6%2FGNmQ%3D%3D"; VariantName = "[No Variations]"
Added Component: Designator=J1(879110611)
Add component (AddParameter): Name = "Arrow Part Number"; Value = ""; VariantName = "[No Variations]"
Add component (AddParameter): Name = "Arrow Price/Stock"; Value = ""; VariantName = "[No Variations]"
Add component (AddParameter): Name = "Datasheet Link"; Value = "https://www.molex.com/content/dam/molex/molex-dot-com/products/automated/en-us/salesdrawingpdf/879/87911/879110611_sd.pdf"; VariantName = "[No Variations]"
Add component (AddParameter): Name = "Height"; Value = "5.18mm"; VariantName = "[No Variations]"
Add component (AddParameter): Name = "Manufacturer_Name"; Value = "Molex"; VariantName = "[No Variations]"
Add component (AddParameter): Name = "Manufacturer_Part_Number"; Value = "87911-0611"; VariantName = "[No Variations]"
Add component (AddParameter): Name = "Mouser Part Number"; Value = "538-87911-0611"; VariantName = "[No Variations]"
Add component (AddParameter): Name = "Mouser Price/Stock"; Value = "https://www.mouser.co.uk/ProductDetail/Molex/87911-0611?qs=vTUKd8r8%252BfEYOBWrgoJ4qQ%3D%3D"; VariantName = "[No Variations]"
Added Component: Designator=Power_Inputs(JST_B2B-XH-A)
Add component (AddParameter): Name = "Availability"; Value = "Unavailable"; VariantName = "[No Variations]"
Add component (AddParameter): Name = "MF"; Value = "{'manufacturer': u'JST Sales America Inc.'}"; VariantName = "[No Variations]"
Add component (AddParameter): Name = "MP"; Value = "B2B-XH-A"; VariantName = "[No Variations]"
Add component (AddParameter): Name = "Package"; Value = "None"; VariantName = "[No Variations]"
Add component (AddParameter): Name = "Price"; Value = "None"; VariantName = "[No Variations]"
Add component (AddParameter): Name = "Value"; Value = ""; VariantName = "[No Variations]"
Added Component: Designator=Power_Outputs(JST_B2B-XH-A)
Add component (AddParameter): Name = "Availability"; Value = "Unavailable"; VariantName = "[No Variations]"
Add component (AddParameter): Name = "MF"; Value = "{'manufacturer': u'JST Sales America Inc.'}"; VariantName = "[No Variations]"
Add component (AddParameter): Name = "MP"; Value = "B2B-XH-A"; VariantName = "[No Variations]"
Add component (AddParameter): Name = "Package"; Value = "None"; VariantName = "[No Variations]"
Add component (AddParameter): Name = "Price"; Value = "None"; VariantName = "[No Variations]"
Add component (AddParameter): Name = "Value"; Value = ""; VariantName = "[No Variations]"
Added Component: Designator=R1(FP-RC1206-MFG)
Add component (AddParameter): Name = "Automotive"; Value = "No"; VariantName = "[No Variations]"
Add component (AddParameter): Name = "Category"; Value = "Res"; VariantName = "[No Variations]"
Add component (AddParameter): Name = "ComponentLink2Description"; Value = "Datasheet"; VariantName = "[No Variations]"
Add component (AddParameter): Name = "ComponentLink2URL"; Value = "https://www.yageo.com/upload/media/product/productsearch/datasheet/rchip/PYu-RC_Group_51_RoHS_L_10.pdf"; VariantName = "[No Variations]"
Add component (AddParameter): Name = "Composition"; Value = "Thick Film"; VariantName = "[No Variations]"
Add component (AddParameter): Name = "Device Class L1"; Value = "Passive Components"; VariantName = "[No Variations]"
Add component (AddParameter): Name = "Device Class L2"; Value = "Resistors"; VariantName = "[No Variations]"
Add component (AddParameter): Name = "Device Class L3"; Value = "Chip SMD Resistors"; VariantName = "[No Variations]"
Add component (AddParameter): Name = "Digikey Description"; Value = "RES SMD 0 OHM JUMPER 1/4W 1206"; VariantName = "[No Variations]"
Add component (AddParameter): Name = "Footprint Url"; Value = "https://www.yageo.com/upload/website/yageo_PYu-R_Mount_10_19050818_343.pdf"; VariantName = "[No Variations]"
Add component (AddParameter): Name = "Height"; Value = "0.65mm"; VariantName = "[No Variations]"
Add component (AddParameter): Name = "Ipc Land Pattern Name"; Value = "RESC310160X55"; VariantName = "[No Variations]"
Add component (AddParameter): Name = "Lead Free"; Value = "Yes"; VariantName = "[No Variations]"
Add component (AddParameter): Name = "Manufacturer"; Value = "YAGEO"; VariantName = "[No Variations]"
Add component (AddParameter): Name = "Manufacturer Part Number"; Value = "RC1206JR-070RL"; VariantName = "[No Variations]"
Add component (AddParameter): Name = "Mouser Description"; Value = "Resistor: thick film; SMD; 1206; 0O; 0.25W; ±5%; -55÷155°C"; VariantName = "[No Variations]"
Add component (AddParameter): Name = "Octopart"; Value = "https://octopart.com/rc1206jr-070rl-yageo-40025601"; VariantName = "[No Variations]"
Add component (AddParameter): Name = "Package"; Value = "RC1206"; VariantName = "[No Variations]"
Add component (AddParameter): Name = "Power Rating"; Value = "0.25W"; VariantName = "[No Variations]"
Add component (AddParameter): Name = "Resistance"; Value = "0O"; VariantName = "[No Variations]"
Add component (AddParameter): Name = "RoHS"; Value = "TRUE"; VariantName = "[No Variations]"
Add component (AddParameter): Name = "Series"; Value = "RC"; VariantName = "[No Variations]"
Add component (AddParameter): Name = "Temperature"; Value = "-55°C to +155°C"; VariantName = "[No Variations]"
Add component (AddParameter): Name = "Temperature Coefficient"; Value = "300ppm/°C"; VariantName = "[No Variations]"
Add component (AddParameter): Name = "Temperature Range High"; Value = "+155°C"; VariantName = "[No Variations]"
Add component (AddParameter): Name = "Temperature Range Low"; Value = "-55°C"; VariantName = "[No Variations]"
Add component (AddParameter): Name = "Tolerance"; Value = "5%"; VariantName = "[No Variations]"
Add component (AddParameter): Name = "Value"; Value = "0O"; VariantName = "[No Variations]"
Add component (AddParameter): Name = "Voltage Rating"; Value = "200V"; VariantName = "[No Variations]"
Add Component: Footprint Not Found TS1187ABAB
Add Component: Footprint Not Found DPAK228P972X240-4N
Added Component: Designator=ultrasonic1_Inputs(JST_B4B-XH-A(LF)(SN))
Add component (AddParameter): Name = "Check_prices"; Value = "https://www.snapeda.com/parts/B4B-XH-A(LF)(SN)/JST+Sales+America+Inc./view-part/?ref=eda"; VariantName = "[No Variations]"
Add component (AddParameter): Name = "MF"; Value = "JST Sales"; VariantName = "[No Variations]"
Add component (AddParameter): Name = "MP"; Value = "B4B-XH-A(LF)(SN)"; VariantName = "[No Variations]"
Add component (AddParameter): Name = "Package"; Value = "None"; VariantName = "[No Variations]"
Add component (AddParameter): Name = "SnapEDA_Link"; Value = "https://www.snapeda.com/parts/B4B-XH-A(LF)(SN)/JST+Sales+America+Inc./view-part/?ref=snap"; VariantName = "[No Variations]"
Add component (AddParameter): Name = "Value"; Value = ""; VariantName = "[No Variations]"
Added Component: Designator=ultrasonic1_Outputs(JST_B4B-XH-A(LF)(SN))
Add component (AddParameter): Name = "Check_prices"; Value = "https://www.snapeda.com/parts/B4B-XH-A(LF)(SN)/JST+Sales+America+Inc./view-part/?ref=eda"; VariantName = "[No Variations]"
Add component (AddParameter): Name = "MF"; Value = "JST Sales"; VariantName = "[No Variations]"
Add component (AddParameter): Name = "MP"; Value = "B4B-XH-A(LF)(SN)"; VariantName = "[No Variations]"
Add component (AddParameter): Name = "Package"; Value = "None"; VariantName = "[No Variations]"
Add component (AddParameter): Name = "SnapEDA_Link"; Value = "https://www.snapeda.com/parts/B4B-XH-A(LF)(SN)/JST+Sales+America+Inc./view-part/?ref=snap"; VariantName = "[No Variations]"
Add component (AddParameter): Name = "Value"; Value = ""; VariantName = "[No Variations]"
Added Component: Designator=ultrasonic2_Inputs(JST_B4B-XH-A(LF)(SN))
Add component (AddParameter): Name = "Check_prices"; Value = "https://www.snapeda.com/parts/B4B-XH-A(LF)(SN)/JST+Sales+America+Inc./view-part/?ref=eda"; VariantName = "[No Variations]"
Add component (AddParameter): Name = "MF"; Value = "JST Sales"; VariantName = "[No Variations]"
Add component (AddParameter): Name = "MP"; Value = "B4B-XH-A(LF)(SN)"; VariantName = "[No Variations]"
Add component (AddParameter): Name = "Package"; Value = "None"; VariantName = "[No Variations]"
Add component (AddParameter): Name = "SnapEDA_Link"; Value = "https://www.snapeda.com/parts/B4B-XH-A(LF)(SN)/JST+Sales+America+Inc./view-part/?ref=snap"; VariantName = "[No Variations]"
Add component (AddParameter): Name = "Value"; Value = ""; VariantName = "[No Variations]"
Added Component: Designator=ultrasonic2_Outputs(JST_B4B-XH-A(LF)(SN))
Add component (AddParameter): Name = "Check_prices"; Value = "https://www.snapeda.com/parts/B4B-XH-A(LF)(SN)/JST+Sales+America+Inc./view-part/?ref=eda"; VariantName = "[No Variations]"
Add component (AddParameter): Name = "MF"; Value = "JST Sales"; VariantName = "[No Variations]"
Add component (AddParameter): Name = "MP"; Value = "B4B-XH-A(LF)(SN)"; VariantName = "[No Variations]"
Add component (AddParameter): Name = "Package"; Value = "None"; VariantName = "[No Variations]"
Add component (AddParameter): Name = "SnapEDA_Link"; Value = "https://www.snapeda.com/parts/B4B-XH-A(LF)(SN)/JST+Sales+America+Inc./view-part/?ref=snap"; VariantName = "[No Variations]"
Add component (AddParameter): Name = "Value"; Value = ""; VariantName = "[No Variations]"
Added Component: Designator=ultrasonic3_Inputs(JST_B4B-XH-A(LF)(SN))
Add component (AddParameter): Name = "Check_prices"; Value = "https://www.snapeda.com/parts/B4B-XH-A(LF)(SN)/JST+Sales+America+Inc./view-part/?ref=eda"; VariantName = "[No Variations]"
Add component (AddParameter): Name = "MF"; Value = "JST Sales"; VariantName = "[No Variations]"
Add component (AddParameter): Name = "MP"; Value = "B4B-XH-A(LF)(SN)"; VariantName = "[No Variations]"
Add component (AddParameter): Name = "Package"; Value = "None"; VariantName = "[No Variations]"
Add component (AddParameter): Name = "SnapEDA_Link"; Value = "https://www.snapeda.com/parts/B4B-XH-A(LF)(SN)/JST+Sales+America+Inc./view-part/?ref=snap"; VariantName = "[No Variations]"
Add component (AddParameter): Name = "Value"; Value = ""; VariantName = "[No Variations]"
Added Component: Designator=ultrasonic3_Outputs(JST_B4B-XH-A(LF)(SN))
Add component (AddParameter): Name = "Check_prices"; Value = "https://www.snapeda.com/parts/B4B-XH-A(LF)(SN)/JST+Sales+America+Inc./view-part/?ref=eda"; VariantName = "[No Variations]"
Add component (AddParameter): Name = "MF"; Value = "JST Sales"; VariantName = "[No Variations]"
Add component (AddParameter): Name = "MP"; Value = "B4B-XH-A(LF)(SN)"; VariantName = "[No Variations]"
Add component (AddParameter): Name = "Package"; Value = "None"; VariantName = "[No Variations]"
Add component (AddParameter): Name = "SnapEDA_Link"; Value = "https://www.snapeda.com/parts/B4B-XH-A(LF)(SN)/JST+Sales+America+Inc./view-part/?ref=snap"; VariantName = "[No Variations]"
Add component (AddParameter): Name = "Value"; Value = ""; VariantName = "[No Variations]"
Added Pin To Net: NetName=Net16MHz_1 Pin=16MHz-1
Added Pin To Net: NetName=GND Pin=16MHz-2
Added Pin To Net: NetName=Net16MHz_3 Pin=16MHz-3
Added Pin To Net: NetName=GND Pin=16MHz-4
Added Pin To Net: NetName=GND Pin=22pF(1)-1
Added Pin To Net: NetName=Net16MHz_1 Pin=22pF(1)-2
Added Pin To Net: NetName=GND Pin=22pF(2)-1
Added Pin To Net: NetName=Net16MHz_3 Pin=22pF(2)-2
Added Pin To Net: NetName=GND Pin=C1-1
Added Pin To Net: NetName=GND Pin=C2-1
Added Pin To Net: NetName=+5 Pin=C2-2
Added Pin To Net: NetName=GND Pin=C3-1
Added Pin To Net: NetName=+5 Pin=C3-2
Added Pin To Net: NetName=GND Pin=C4-1
Added Pin To Net: NetName=Vin Pin=C4-2
Added Pin To Net: NetName=+5 Pin=C5-1
Added Pin To Net: NetName=GND Pin=C5-2
Added Pin To Net: NetName=GND Pin=C6-1
Added Pin To Net: NetName=+5 Pin=C6-2
Added Pin To Net: NetName=Netcurrent sensor 1_Inputs_1 Pin=current sensor 1_Inputs-1
Added Pin To Net: NetName=Netcurrent sensor 1_Inputs_2 Pin=current sensor 1_Inputs-2
Added Pin To Net: NetName=Netcurrent sensor 1_Inputs_3 Pin=current sensor 1_Inputs-3
Added Pin To Net: NetName=Netcurrent sensor 1_Outputs_1 Pin=current sensor 1_Outputs-1
Added Pin To Net: NetName=Netcurrent sensor 1_Outputs_2 Pin=current sensor 1_Outputs-2
Added Pin To Net: NetName=Netcurrent sensor 1_Outputs_3 Pin=current sensor 1_Outputs-3
Added Pin To Net: NetName=Netcurrent sensor 1_Inputs_1 Pin=current sensor 2_Inputs-1
Added Pin To Net: NetName=Netcurrent sensor 1_Inputs_2 Pin=current sensor 2_Inputs-2
Added Pin To Net: NetName=Netcurrent sensor 2_Inputs_3 Pin=current sensor 2_Inputs-3
Added Pin To Net: NetName=Netcurrent sensor 1_Outputs_1 Pin=current sensor 2_Outputs-1
Added Pin To Net: NetName=Netcurrent sensor 1_Outputs_2 Pin=current sensor 2_Outputs-2
Added Pin To Net: NetName=Netcurrent sensor 2_Outputs_3 Pin=current sensor 2_Outputs-3
Added Pin To Net: NetName=NetH-Bridge1_Inputs_1 Pin=H-Bridge1_Inputs-1
Added Pin To Net: NetName=NetH-Bridge1_Inputs_2 Pin=H-Bridge1_Inputs-2
Added Pin To Net: NetName=NetH-Bridge2_Inputs_1 Pin=H-Bridge2_Inputs-1
Added Pin To Net: NetName=NetH-Bridge2_Inputs_2 Pin=H-Bridge2_Inputs-2
Added Pin To Net: NetName=GND Pin=IC-3
Added Pin To Net: NetName=+5 Pin=IC-4
Added Pin To Net: NetName=GND Pin=IC-5
Added Pin To Net: NetName=+5 Pin=IC-6
Added Pin To Net: NetName=Net16MHz_1 Pin=IC-7
Added Pin To Net: NetName=Net16MHz_3 Pin=IC-8
Added Pin To Net: NetName=Netcurrent sensor 1_Inputs_3 Pin=IC-11
Added Pin To Net: NetName=Netcurrent sensor 2_Inputs_3 Pin=IC-12
Added Pin To Net: NetName=+5 Pin=IC-18
Added Pin To Net: NetName=+5 Pin=IC-20
Added Pin To Net: NetName=GND Pin=IC-21
Added Pin To Net: NetName=NetIC_23 Pin=IC-23
Added Pin To Net: NetName=NetIC_24 Pin=IC-24
Added Pin To Net: NetName=NetIC_25 Pin=IC-25
Added Pin To Net: NetName=NetIC_26 Pin=IC-26
Added Pin To Net: NetName=Netcurrent sensor 1_Inputs_2 Pin=IC-27
Added Pin To Net: NetName=Netcurrent sensor 1_Inputs_1 Pin=IC-28
Added Pin To Net: NetName=NetIC_30 Pin=IC-30
Added Pin To Net: NetName=NetIC_31 Pin=IC-31
Added Pin To Net: NetName=GND Pin=J1-5
Added Pin To Net: NetName=+5 Pin=J1-6
Added Pin To Net: NetName=Vin Pin=Power_Inputs-1
Added Pin To Net: NetName=GND Pin=Power_Inputs-2
Added Pin To Net: NetName=NetPower_Outputs_1 Pin=Power_Outputs-1
Added Pin To Net: NetName=GND Pin=Power_Outputs-2
Added Pin To Net: NetName=+5 Pin=R1-2
Add Pin To Net: Unknown Pin: Pin S1-C1
Add Pin To Net: Unknown Pin: Pin U2-1
Add Pin To Net: Unknown Pin: Pin U2-2
Add Pin To Net: Unknown Pin: Pin U2-3
Added Pin To Net: NetName=Netultrasonic1_Inputs_1 Pin=ultrasonic1_Inputs-1
Added Pin To Net: NetName=Netultrasonic1_Inputs_2 Pin=ultrasonic1_Inputs-2
Added Pin To Net: NetName=NetIC_23 Pin=ultrasonic1_Inputs-3
Added Pin To Net: NetName=GND Pin=ultrasonic1_Inputs-4
Added Pin To Net: NetName=+5 Pin=ultrasonic1_Outputs-1
Added Pin To Net: NetName=NetIC_24 Pin=ultrasonic1_Outputs-2
Added Pin To Net: NetName=Netultrasonic1_Outputs_3 Pin=ultrasonic1_Outputs-3
Added Pin To Net: NetName=GND Pin=ultrasonic1_Outputs-4
Added Pin To Net: NetName=Netultrasonic1_Inputs_1 Pin=ultrasonic2_Inputs-1
Added Pin To Net: NetName=Netultrasonic2_Inputs_2 Pin=ultrasonic2_Inputs-2
Added Pin To Net: NetName=NetIC_25 Pin=ultrasonic2_Inputs-3
Added Pin To Net: NetName=GND Pin=ultrasonic2_Inputs-4
Added Pin To Net: NetName=+5 Pin=ultrasonic2_Outputs-1
Added Pin To Net: NetName=NetIC_26 Pin=ultrasonic2_Outputs-2
Added Pin To Net: NetName=Netultrasonic2_Outputs_3 Pin=ultrasonic2_Outputs-3
Added Pin To Net: NetName=GND Pin=ultrasonic2_Outputs-4
Added Pin To Net: NetName=Netultrasonic1_Inputs_1 Pin=ultrasonic3_Inputs-1
Added Pin To Net: NetName=Netultrasonic3_Inputs_2 Pin=ultrasonic3_Inputs-2
Added Pin To Net: NetName=NetIC_30 Pin=ultrasonic3_Inputs-3
Added Pin To Net: NetName=GND Pin=ultrasonic3_Inputs-4
Added Pin To Net: NetName=+5 Pin=ultrasonic3_Outputs-1
Added Pin To Net: NetName=NetIC_31 Pin=ultrasonic3_Outputs-2
Added Pin To Net: NetName=Netultrasonic3_Outputs_3 Pin=ultrasonic3_Outputs-3
Added Pin To Net: NetName=GND Pin=ultrasonic3_Outputs-4
Added Pin To Net: NetName=MISO Pin=IC-16
Added Pin To Net: NetName=MISO Pin=J1-3
Added Net: Name=MISO
Added Pin To Net: NetName=MOSI Pin=IC-15
Added Pin To Net: NetName=MOSI Pin=J1-2
Added Net: Name=MOSI
Added Pin To Net: NetName=NetA/D_Inputs_1 Pin=A/D_Inputs-1
Added Net: Name=NetA/D_Inputs_1
Added Pin To Net: NetName=NetA/D_Inputs_2 Pin=A/D_Inputs-2
Added Net: Name=NetA/D_Inputs_2
Added Pin To Net: NetName=NetA/D_Outputs_1 Pin=A/D_Outputs-1
Added Pin To Net: NetName=NetA/D_Outputs_1 Pin=IC-22
Added Net: Name=NetA/D_Outputs_1
Added Pin To Net: NetName=NetA/D_Outputs_2 Pin=A/D_Outputs-2
Added Pin To Net: NetName=NetA/D_Outputs_2 Pin=IC-19
Added Net: Name=NetA/D_Outputs_2
Added Pin To Net: NetName=NetD_Inputs_1 Pin=D_Inputs-1
Added Net: Name=NetD_Inputs_1
Added Pin To Net: NetName=NetD_Inputs_2 Pin=D_Inputs-2
Added Net: Name=NetD_Inputs_2
Added Pin To Net: NetName=NetD_Inputs_3 Pin=D_Inputs-3
Added Net: Name=NetD_Inputs_3
Added Pin To Net: NetName=NetD_Outputs_1 Pin=D_Outputs-1
Added Pin To Net: NetName=NetD_Outputs_1 Pin=IC-13
Added Net: Name=NetD_Outputs_1
Added Pin To Net: NetName=NetD_Outputs_2 Pin=D_Outputs-2
Added Pin To Net: NetName=NetD_Outputs_2 Pin=IC-14
Added Net: Name=NetD_Outputs_2
Added Pin To Net: NetName=NetD_Outputs_3 Pin=D_Outputs-3
Added Pin To Net: NetName=NetD_Outputs_3 Pin=IC-32
Added Net: Name=NetD_Outputs_3
Added Pin To Net: NetName=NetH-Bridge1_Outputs_1 Pin=H-Bridge1_Outputs-1
Added Pin To Net: NetName=NetH-Bridge1_Outputs_1 Pin=IC-1
Added Net: Name=NetH-Bridge1_Outputs_1
Added Pin To Net: NetName=NetH-Bridge1_Outputs_2 Pin=H-Bridge1_Outputs-2
Added Pin To Net: NetName=NetH-Bridge1_Outputs_2 Pin=IC-2
Added Net: Name=NetH-Bridge1_Outputs_2
Added Pin To Net: NetName=NetH-Bridge2_Outputs_1 Pin=H-Bridge2_Outputs-1
Added Pin To Net: NetName=NetH-Bridge2_Outputs_1 Pin=IC-9
Added Net: Name=NetH-Bridge2_Outputs_1
Added Pin To Net: NetName=NetH-Bridge2_Outputs_2 Pin=H-Bridge2_Outputs-2
Added Pin To Net: NetName=NetH-Bridge2_Outputs_2 Pin=IC-10
Added Net: Name=NetH-Bridge2_Outputs_2
Added Pin To Net: NetName=RESET Pin=C1-2
Added Pin To Net: NetName=RESET Pin=IC-29
Added Pin To Net: NetName=RESET Pin=J1-1
Added Pin To Net: NetName=RESET Pin=R1-1
Added Net: Name=RESET
Added Pin To Net: NetName=SCK Pin=IC-17
Added Pin To Net: NetName=SCK Pin=J1-4
Added Net: Name=SCK
Added Member To Class: ClassName=Main Member=Component 16MHz ABM11-16.000MHz-12-N1G-T
Added Member To Class: ClassName=Main Member=Component 22pF(1) C1206C220JGGACTU
Added Member To Class: ClassName=Main Member=Component 22pF(2) C1206C220JGGACTU
Added Member To Class: ClassName=Inputs Member=Component A/D_Inputs (A/D) B2B-XH-A
Added Member To Class: ClassName=Outputs Member=Component A/D_Outputs (A/D) B2B-XH-A
Added Member To Class: ClassName=Main Member=Component C1 1206GC102KAT1A
Added Member To Class: ClassName=Main Member=Component C2 10nF
Added Member To Class: ClassName=Main Member=Component C3 10nF
Added Member To Class: ClassName=PowerSupply Member=Component C4 1206GC102KAT1A
Added Member To Class: ClassName=PowerSupply Member=Component C5 1206GC102KAT1A
Added Member To Class: ClassName=Main Member=Component C6 1206GC102KAT1A
Added Member To Class: ClassName=Inputs Member=Component current sensor 1_Inputs (current sensor 1) B3B-XH-A(LF)(SN)
Added Member To Class: ClassName=Outputs Member=Component current sensor 1_Outputs (current sensor 1) B3B-XH-A(LF)(SN)
Added Member To Class: ClassName=Inputs Member=Component current sensor 2_Inputs (current sensor 2) B3B-XH-A(LF)(SN)
Added Member To Class: ClassName=Outputs Member=Component current sensor 2_Outputs (current sensor 2) B3B-XH-A(LF)(SN)
Added Member To Class: ClassName=Inputs Member=Component D_Inputs (D) B3B-XH-A(LF)(SN)
Added Member To Class: ClassName=Outputs Member=Component D_Outputs (D) B3B-XH-A(LF)(SN)
Added Member To Class: ClassName=Inputs Member=Component H-Bridge1_Inputs (H-Bridge1) B2B-XH-A
Added Member To Class: ClassName=Outputs Member=Component H-Bridge1_Outputs (H-Bridge1) B2B-XH-A
Added Member To Class: ClassName=Inputs Member=Component H-Bridge2_Inputs (H-Bridge2) B2B-XH-A
Added Member To Class: ClassName=Outputs Member=Component H-Bridge2_Outputs (H-Bridge2) B2B-XH-A
Added Member To Class: ClassName=Main Member=Component IC ATMEGA328P-AU
Added Member To Class: ClassName=Main Member=Component J1 Header 3X2
Added Member To Class: ClassName=Inputs Member=Component Power_Inputs (Power) B2B-XH-A
Added Member To Class: ClassName=Outputs Member=Component Power_Outputs (Power) B2B-XH-A
Added Member To Class: ClassName=Main Member=Component R1 10k
Add Class Member: Failed to add class member : Component S1 TS-1187A-B-A-B
Add Class Member: Failed to add class member : Component U2 L78M05ACDT-TR
Added Member To Class: ClassName=Inputs Member=Component ultrasonic1_Inputs (ultrasonic1) B4B-XH-A(LF)(SN)
Added Member To Class: ClassName=Outputs Member=Component ultrasonic1_Outputs (ultrasonic1) B4B-XH-A(LF)(SN)
Added Member To Class: ClassName=Inputs Member=Component ultrasonic2_Inputs (ultrasonic2) B4B-XH-A(LF)(SN)
Added Member To Class: ClassName=Outputs Member=Component ultrasonic2_Outputs (ultrasonic2) B4B-XH-A(LF)(SN)
Added Member To Class: ClassName=Inputs Member=Component ultrasonic3_Inputs (ultrasonic3) B4B-XH-A(LF)(SN)
Added Member To Class: ClassName=Outputs Member=Component ultrasonic3_Outputs (ultrasonic3) B4B-XH-A(LF)(SN)
