Removed Pin From Net: NetName=Vin Pin=1-1
Removed Pin From Net: NetName=GND Pin=1-2
Removed Pin From Net: NetName=GND Pin=C1-1
Removed Pin From Net: NetName=GND Pin=C2-1
Removed Pin From Net: NetName=GND Pin=C3-1
Removed Pin From Net: NetName=PWM1 Pin=H-Bridge1-1
Removed Pin From Net: NetName=EN1 Pin=H-Bridge1-2
Removed Pin From Net: NetName=PWM2 Pin=H-Bridge2-1
Removed Pin From Net: NetName=EN2 Pin=H-Bridge2-2
Removed Pin From Net: NetName=PWM1 Pin=U1-5
Removed Pin From Net: NetName=EN1 Pin=U1-6
Removed Pin From Net: NetName=GND Pin=U1-8
Removed Pin From Net: NetName=PWM2 Pin=U1-11
Removed Pin From Net: NetName=EN2 Pin=U1-12
Removed Pin From Net: NetName=GND Pin=U1-22
Removed Pin From Net: NetName=Vin Pin=ultrasonic1-1
Removed Pin From Net: NetName=GND Pin=ultrasonic1-4
Removed Pin From Net: NetName=GND Pin=Y1-2
Removed Pin From Net: NetName=GND Pin=Y1-4
Removed Member From Class: ClassName=Main Member=C1
Removed Member From Class: ClassName=Main Member=C2
Removed Member From Class: ClassName=Main Member=C3
Removed Member From Class: ClassName=Main Member=R1
Removed Member From Class: ClassName=Main Member=U1
Removed Member From Class: ClassName=Main Member=Y1
Added Component: Designator=1uF(AVX-1206-2_L)
Add component (AddParameter): Name = "Capacitance"; Value = "0.001uF"; VariantName = "[No Variations]"
Add component (AddParameter): Name = "Case Size/Dimension"; Value = "1206"; VariantName = "[No Variations]"
Add component (AddParameter): Name = "Datasheet URL"; Value = "https://datasheet.ciiva.com/11787/0900766b80ed4c37-11787781.pdf"; VariantName = "[No Variations]"
Add component (AddParameter): Name = "Datasheet Version"; Value = "11/2010"; VariantName = "[No Variations]"
Add component (AddParameter): Name = "Dielectric"; Value = "X7R"; VariantName = "[No Variations]"
Add component (AddParameter): Name = "Manufacturer"; Value = "AVX"; VariantName = "[No Variations]"
Add component (AddParameter): Name = "Manufacturer URL"; Value = "http://www.avx.com/"; VariantName = "[No Variations]"
Add component (AddParameter): Name = "Mounting Technology"; Value = "SurfaceMount"; VariantName = "[No Variations]"
Add component (AddParameter): Name = "Package Description"; Value = "2-Pin SMD, Body 3.4 x 1.8 mm"; VariantName = "[No Variations]"
Add component (AddParameter): Name = "Package Reference"; Value = "1206"; VariantName = "[No Variations]"
Add component (AddParameter): Name = "PartNumber"; Value = "1206GC102KAT1A"; VariantName = "[No Variations]"
Add component (AddParameter): Name = "Rated Voltage"; Value = "2000V"; VariantName = "[No Variations]"
Add component (AddParameter): Name = "Tolerance"; Value = "10%"; VariantName = "[No Variations]"
Add component (AddParameter): Name = "Tolerance (%)"; Value = "±10%"; VariantName = "[No Variations]"
Add component (AddParameter): Name = "Voltage Rating DC"; Value = "2000V"; VariantName = "[No Variations]"
Added Component: Designator=1uF(AVX-1206-2_L)
Add component (AddParameter): Name = "Capacitance"; Value = "0.001uF"; VariantName = "[No Variations]"
Add component (AddParameter): Name = "Case Size/Dimension"; Value = "1206"; VariantName = "[No Variations]"
Add component (AddParameter): Name = "Datasheet URL"; Value = "https://datasheet.ciiva.com/11787/0900766b80ed4c37-11787781.pdf"; VariantName = "[No Variations]"
Add component (AddParameter): Name = "Datasheet Version"; Value = "11/2010"; VariantName = "[No Variations]"
Add component (AddParameter): Name = "Dielectric"; Value = "X7R"; VariantName = "[No Variations]"
Add component (AddParameter): Name = "Manufacturer"; Value = "AVX"; VariantName = "[No Variations]"
Add component (AddParameter): Name = "Manufacturer URL"; Value = "http://www.avx.com/"; VariantName = "[No Variations]"
Add component (AddParameter): Name = "Mounting Technology"; Value = "SurfaceMount"; VariantName = "[No Variations]"
Add component (AddParameter): Name = "Package Description"; Value = "2-Pin SMD, Body 3.4 x 1.8 mm"; VariantName = "[No Variations]"
Add component (AddParameter): Name = "Package Reference"; Value = "1206"; VariantName = "[No Variations]"
Add component (AddParameter): Name = "PartNumber"; Value = "1206GC102KAT1A"; VariantName = "[No Variations]"
Add component (AddParameter): Name = "Rated Voltage"; Value = "2000V"; VariantName = "[No Variations]"
Add component (AddParameter): Name = "Tolerance"; Value = "10%"; VariantName = "[No Variations]"
Add component (AddParameter): Name = "Tolerance (%)"; Value = "±10%"; VariantName = "[No Variations]"
Add component (AddParameter): Name = "Voltage Rating DC"; Value = "2000V"; VariantName = "[No Variations]"
Add Component: Footprint Not Found C1206
Add Component: Footprint Not Found C1206
Added Component: Designator=100nF(AVX-1206-2_L)
Add component (AddParameter): Name = "Capacitance"; Value = "0.001uF"; VariantName = "[No Variations]"
Add component (AddParameter): Name = "Case Size/Dimension"; Value = "1206"; VariantName = "[No Variations]"
Add component (AddParameter): Name = "Datasheet URL"; Value = "https://datasheet.ciiva.com/11787/0900766b80ed4c37-11787781.pdf"; VariantName = "[No Variations]"
Add component (AddParameter): Name = "Datasheet Version"; Value = "11/2010"; VariantName = "[No Variations]"
Add component (AddParameter): Name = "Dielectric"; Value = "X7R"; VariantName = "[No Variations]"
Add component (AddParameter): Name = "Manufacturer"; Value = "AVX"; VariantName = "[No Variations]"
Add component (AddParameter): Name = "Manufacturer URL"; Value = "http://www.avx.com/"; VariantName = "[No Variations]"
Add component (AddParameter): Name = "Mounting Technology"; Value = "SurfaceMount"; VariantName = "[No Variations]"
Add component (AddParameter): Name = "Package Description"; Value = "2-Pin SMD, Body 3.4 x 1.8 mm"; VariantName = "[No Variations]"
Add component (AddParameter): Name = "Package Reference"; Value = "1206"; VariantName = "[No Variations]"
Add component (AddParameter): Name = "PartNumber"; Value = "1206GC102KAT1A"; VariantName = "[No Variations]"
Add component (AddParameter): Name = "Rated Voltage"; Value = "2000V"; VariantName = "[No Variations]"
Add component (AddParameter): Name = "Tolerance"; Value = "10%"; VariantName = "[No Variations]"
Add component (AddParameter): Name = "Tolerance (%)"; Value = "±10%"; VariantName = "[No Variations]"
Add component (AddParameter): Name = "Voltage Rating DC"; Value = "2000V"; VariantName = "[No Variations]"
Added Component: Designator=470uF(EEETC1V470P)
Add component (AddParameter): Name = "Arrow Part Number"; Value = ""; VariantName = "[No Variations]"
Add component (AddParameter): Name = "Arrow Price/Stock"; Value = ""; VariantName = "[No Variations]"
Add component (AddParameter): Name = "Datasheet Link"; Value = "https://industrial.panasonic.com/cdbs/www-data/pdf/RDE0000/ast-ind-166561.pdf"; VariantName = "[No Variations]"
Add component (AddParameter): Name = "Manufacturer_Name"; Value = "Panasonic"; VariantName = "[No Variations]"
Add component (AddParameter): Name = "Manufacturer_Part_Number"; Value = "EEE-FH1A471L"; VariantName = "[No Variations]"
Add component (AddParameter): Name = "Mouser Part Number"; Value = ""; VariantName = "[No Variations]"
Add component (AddParameter): Name = "Mouser Price/Stock"; Value = ""; VariantName = "[No Variations]"
Add Component: Footprint Not Found JST_B3B-XH-A(LF)(SN)
Add Component: Footprint Not Found JST_B3B-XH-A(LF)(SN)
Add Component: Footprint Not Found JST_B3B-XH-A(LF)(SN)
Add Component: Footprint Not Found JST_B3B-XH-A(LF)(SN)
Add Component: Footprint Not Found JST_B2B-XH-A
Add Component: Footprint Not Found JST_B2B-XH-A
Add Component: Footprint Not Found JST_B2B-XH-A
Add Component: Footprint Not Found JST_B2B-XH-A
Added Component: Designator=IC?(QFP80P900X900X120-32N)
Add component (AddParameter): Name = "Arrow Part Number"; Value = "ATMEGA328P-AU"; VariantName = "[No Variations]"
Add component (AddParameter): Name = "Arrow Price/Stock"; Value = "https://www.arrow.com/en/products/atmega328p-au/microchip-technology?region=europe"; VariantName = "[No Variations]"
Add component (AddParameter): Name = "Datasheet Link"; Value = "https://componentsearchengine.com/Datasheets/2/ATMEGA328P-AU.pdf"; VariantName = "[No Variations]"
Add component (AddParameter): Name = "Height"; Value = "1.2mm"; VariantName = "[No Variations]"
Add component (AddParameter): Name = "Manufacturer_Name"; Value = "Microchip"; VariantName = "[No Variations]"
Add component (AddParameter): Name = "Manufacturer_Part_Number"; Value = "ATMEGA328P-AU"; VariantName = "[No Variations]"
Add component (AddParameter): Name = "Mouser Part Number"; Value = "556-ATMEGA328P-AU"; VariantName = "[No Variations]"
Add component (AddParameter): Name = "Mouser Price/Stock"; Value = "https://www.mouser.co.uk/ProductDetail/Microchip-Technology/ATMEGA328P-AU?qs=K8BHR703ZXiCmmgp6%2FGNmQ%3D%3D"; VariantName = "[No Variations]"
Add Component: Footprint Not Found JST_B2B-XH-A
Add Component: Footprint Not Found JST_B2B-XH-A
Added Component: Designator=R?(FP-RC1206-MFG)
Add component (AddParameter): Name = "Automotive"; Value = "No"; VariantName = "[No Variations]"
Add component (AddParameter): Name = "Category"; Value = "Res"; VariantName = "[No Variations]"
Add component (AddParameter): Name = "ComponentLink2Description"; Value = "Datasheet"; VariantName = "[No Variations]"
Add component (AddParameter): Name = "ComponentLink2URL"; Value = "https://www.yageo.com/upload/media/product/productsearch/datasheet/rchip/PYu-RC_Group_51_RoHS_L_10.pdf"; VariantName = "[No Variations]"
Add component (AddParameter): Name = "Composition"; Value = "Thick Film"; VariantName = "[No Variations]"
Add component (AddParameter): Name = "Device Class L1"; Value = "Passive Components"; VariantName = "[No Variations]"
Add component (AddParameter): Name = "Device Class L2"; Value = "Resistors"; VariantName = "[No Variations]"
Add component (AddParameter): Name = "Device Class L3"; Value = "Chip SMD Resistors"; VariantName = "[No Variations]"
Add component (AddParameter): Name = "Digikey Description"; Value = "RES SMD 0 OHM JUMPER 1/4W 1206"; VariantName = "[No Variations]"
Add component (AddParameter): Name = "Footprint Url"; Value = "https://www.yageo.com/upload/website/yageo_PYu-R_Mount_10_19050818_343.pdf"; VariantName = "[No Variations]"
Add component (AddParameter): Name = "Height"; Value = "0.65mm"; VariantName = "[No Variations]"
Add component (AddParameter): Name = "Ipc Land Pattern Name"; Value = "RESC310160X55"; VariantName = "[No Variations]"
Add component (AddParameter): Name = "Lead Free"; Value = "Yes"; VariantName = "[No Variations]"
Add component (AddParameter): Name = "Manufacturer"; Value = "YAGEO"; VariantName = "[No Variations]"
Add component (AddParameter): Name = "Manufacturer Part Number"; Value = "RC1206JR-070RL"; VariantName = "[No Variations]"
Add component (AddParameter): Name = "Mouser Description"; Value = "Resistor: thick film; SMD; 1206; 0O; 0.25W; ±5%; -55÷155°C"; VariantName = "[No Variations]"
Add component (AddParameter): Name = "Octopart"; Value = "https://octopart.com/rc1206jr-070rl-yageo-40025601"; VariantName = "[No Variations]"
Add component (AddParameter): Name = "Package"; Value = "RC1206"; VariantName = "[No Variations]"
Add component (AddParameter): Name = "Power Rating"; Value = "0.25W"; VariantName = "[No Variations]"
Add component (AddParameter): Name = "Resistance"; Value = "0O"; VariantName = "[No Variations]"
Add component (AddParameter): Name = "RoHS"; Value = "TRUE"; VariantName = "[No Variations]"
Add component (AddParameter): Name = "Series"; Value = "RC"; VariantName = "[No Variations]"
Add component (AddParameter): Name = "Temperature"; Value = "-55°C to +155°C"; VariantName = "[No Variations]"
Add component (AddParameter): Name = "Temperature Coefficient"; Value = "300ppm/°C"; VariantName = "[No Variations]"
Add component (AddParameter): Name = "Temperature Range High"; Value = "+155°C"; VariantName = "[No Variations]"
Add component (AddParameter): Name = "Temperature Range Low"; Value = "-55°C"; VariantName = "[No Variations]"
Add component (AddParameter): Name = "Tolerance"; Value = "5%"; VariantName = "[No Variations]"
Add component (AddParameter): Name = "Value"; Value = "0O"; VariantName = "[No Variations]"
Add component (AddParameter): Name = "Voltage Rating"; Value = "200V"; VariantName = "[No Variations]"
Add Component: Footprint Not Found JST_B4B-XH-A(LF)(SN)
Add Component: Footprint Not Found JST_B4B-XH-A(LF)(SN)
Add Component: Footprint Not Found JST_B4B-XH-A(LF)(SN)
Add Component: Footprint Not Found JST_B4B-XH-A(LF)(SN)
Add Component: Footprint Not Found JST_B4B-XH-A(LF)(SN)
Add Component: Footprint Not Found JST_B4B-XH-A(LF)(SN)
Add Component: Footprint Not Found XTAL_ABM11-16.000MHz-12-N1G-T
Added Pin To Net: NetName=GND Pin=1uF-1
Added Pin To Net: NetName=GND Pin=1uF-1
Add Pin To Net: Unknown Pin: Pin 22pF(1)-1
Add Pin To Net: Unknown Pin: Pin 22pF(2)-1
Added Pin To Net: NetName=GND Pin=100nF-1
Added Pin To Net: NetName=GND Pin=470uF-2
Add Pin To Net: Unknown Pin: Pin H-Bridge1_Outputs-1
Add Pin To Net: Unknown Pin: Pin H-Bridge1_Outputs-2
Add Pin To Net: Unknown Pin: Pin H-Bridge2_Outputs-1
Add Pin To Net: Unknown Pin: Pin H-Bridge2_Outputs-2
Added Pin To Net: NetName=PWM1 Pin=IC?-1
Added Pin To Net: NetName=EN1 Pin=IC?-2
Added Pin To Net: NetName=GND Pin=IC?-3
Added Pin To Net: NetName=GND Pin=IC?-5
Added Pin To Net: NetName=PWM2 Pin=IC?-9
Added Pin To Net: NetName=EN2 Pin=IC?-10
Added Pin To Net: NetName=GND Pin=IC?-21
Add Pin To Net: Unknown Pin: Pin Power_Inputs-1
Add Pin To Net: Unknown Pin: Pin Power_Inputs-2
Add Pin To Net: Unknown Pin: Pin Power_Outputs-2
Add Pin To Net: Unknown Pin: Pin ultrasonic1_Inputs-4
Add Pin To Net: Unknown Pin: Pin ultrasonic1_Outputs-4
Add Pin To Net: Unknown Pin: Pin ultrasonic2_Inputs-4
Add Pin To Net: Unknown Pin: Pin ultrasonic2_Outputs-4
Add Pin To Net: Unknown Pin: Pin ultrasonic3_Inputs-4
Add Pin To Net: Unknown Pin: Pin ultrasonic3_Outputs-4
Add Pin To Net: Unknown Pin: Pin Y?-2
Add Pin To Net: Unknown Pin: Pin Y?-4
Added Pin To Net: NetName=+5 Pin=1uF-2
Added Pin To Net: NetName=+5 Pin=1uF-2
Added Pin To Net: NetName=+5 Pin=470uF-1
Added Pin To Net: NetName=+5 Pin=C5-1
Added Pin To Net: NetName=+5 Pin=IC?-4
Added Pin To Net: NetName=+5 Pin=IC?-6
Added Pin To Net: NetName=+5 Pin=IC?-18
Added Pin To Net: NetName=+5 Pin=R?-2
Added Pin To Net: NetName=+5 Pin=U2-3
Added Net: Name=+5
Added Pin To Net: NetName=Net22pF(1)_2 Pin=IC?-7
Added Net: Name=Net22pF(1)_2
Added Pin To Net: NetName=Net22pF(2)_2 Pin=IC?-8
Added Net: Name=Net22pF(2)_2
Added Pin To Net: NetName=Net100nF_2 Pin=100nF-2
Added Pin To Net: NetName=Net100nF_2 Pin=IC?-20
Added Net: Name=Net100nF_2
Added Pin To Net: NetName=Netcurrent sensor 1_Inputs_1 Pin=IC?-28
Added Net: Name=Netcurrent sensor 1_Inputs_1
Added Pin To Net: NetName=Netcurrent sensor 1_Inputs_2 Pin=IC?-27
Added Net: Name=Netcurrent sensor 1_Inputs_2
Added Pin To Net: NetName=Netcurrent sensor 1_Inputs_3 Pin=IC?-11
Added Net: Name=Netcurrent sensor 1_Inputs_3
Added Net: Name=Netcurrent sensor 1_Outputs_1
Added Net: Name=Netcurrent sensor 1_Outputs_2
Added Net: Name=Netcurrent sensor 1_Outputs_3
Added Pin To Net: NetName=Netcurrent sensor 2_Inputs_3 Pin=IC?-12
Added Net: Name=Netcurrent sensor 2_Inputs_3
Added Net: Name=Netcurrent sensor 2_Outputs_3
Added Net: Name=NetH-Bridge1_Inputs_1
Added Net: Name=NetH-Bridge1_Inputs_2
Added Net: Name=NetH-Bridge2_Inputs_1
Added Net: Name=NetH-Bridge2_Inputs_2
Added Pin To Net: NetName=NetIC?_23 Pin=IC?-23
Added Net: Name=NetIC?_23
Added Pin To Net: NetName=NetIC?_24 Pin=IC?-24
Added Net: Name=NetIC?_24
Added Pin To Net: NetName=NetIC?_25 Pin=IC?-25
Added Net: Name=NetIC?_25
Added Pin To Net: NetName=NetIC?_26 Pin=IC?-26
Added Net: Name=NetIC?_26
Added Pin To Net: NetName=NetIC?_29 Pin=IC?-29
Added Pin To Net: NetName=NetIC?_29 Pin=R?-1
Added Net: Name=NetIC?_29
Added Pin To Net: NetName=NetIC?_30 Pin=IC?-30
Added Net: Name=NetIC?_30
Added Pin To Net: NetName=NetIC?_31 Pin=IC?-31
Added Net: Name=NetIC?_31
Added Net: Name=NetPower_Outputs_1
Added Net: Name=Netultrasonic1_Inputs_1
Added Net: Name=Netultrasonic1_Inputs_2
Added Net: Name=Netultrasonic1_Outputs_3
Added Net: Name=Netultrasonic2_Inputs_2
Added Net: Name=Netultrasonic2_Outputs_3
Added Net: Name=Netultrasonic3_Inputs_2
Added Net: Name=Netultrasonic3_Outputs_3
Added Class: Name=Inputs
Added Class: Name=Outputs
Added Class: Name=Inputs_Outputs
Added Member To Class: ClassName=Main Member=Component 1uF 1206GC102KAT1A
Added Member To Class: ClassName=Main Member=Component 1uF 1206GC102KAT1A
Add Class Member: Failed to add class member : Component 22pF(1) C1206C220JGGACTU
Add Class Member: Failed to add class member : Component 22pF(2) C1206C220JGGACTU
Added Member To Class: ClassName=Main Member=Component 100nF 1206GC102KAT1A
Added Member To Class: ClassName=Main Member=Component 470uF EEE-FH1A471L
Added Member To Class: ClassName=Main Member=Component IC? ATMEGA328P-AU
Added Member To Class: ClassName=Main Member=Component R? 10k
Add Class Member: Failed to add class member : Component Y? ABM11-16.000MHz-12-N1G-T
