Change Component Footprint: Designator=R1 Old Footprint=FP-RC1206-MFG New Footprint=RES_ERA8AEB103V
Change Component Comment : Designator=R1 Old Comment=ERA-8AEB103V New Comment=ERA8AEB103V
Change component parameters: Designator = "R1" ("R1"); Footprint = "FP-RC1206-MFG"; UniqueID = "\VWSOTZZI\DWURPSKI" ("\VWSOTZZI\DWURPSKI")
Change component parameters (AddParameter): Name = "Availability"; Value = "Unavailable"; VariantName = "[No Variations]"
Change component parameters (AddParameter): Name = "MF"; Value = ""; VariantName = "[No Variations]"
Change component parameters (AddParameter): Name = "MP"; Value = "ERA8AEB103V"; VariantName = "[No Variations]"
Change component parameters (AddParameter): Name = "Package"; Value = "None"; VariantName = "[No Variations]"
Change component parameters (AddParameter): Name = "Price"; Value = "None"; VariantName = "[No Variations]"
Change component parameters (AddParameter): Name = "Value"; Value = ""; VariantName = "[No Variations]"
Add Component: Footprint Not Found LEDC2012X80N
Added Component: Designator=R2(RES_ERA8AEB103V)
Add component (AddParameter): Name = "Availability"; Value = "Unavailable"; VariantName = "[No Variations]"
Add component (AddParameter): Name = "MF"; Value = ""; VariantName = "[No Variations]"
Add component (AddParameter): Name = "MP"; Value = "ERA8AEB103V"; VariantName = "[No Variations]"
Add component (AddParameter): Name = "Package"; Value = "None"; VariantName = "[No Variations]"
Add component (AddParameter): Name = "Price"; Value = "None"; VariantName = "[No Variations]"
Add component (AddParameter): Name = "Value"; Value = ""; VariantName = "[No Variations]"
Add Pin To Net: Unknown Pin: Pin LED-1
Add Pin To Net: Unknown Pin: Pin LED-2
Added Pin To Net: NetName=NetLED_2 Pin=R2-1
Added Pin To Net: NetName=NetC1_1 Pin=R2-2
Add Class Member: Failed to add class member : Component LED 150080RS75000
Added Member To Class: ClassName=PowerSupply Member=Component R2 ERA8AEB103V
