Removed Pin From Net: NetName=GND Pin=C4-1
Removed Pin From Net: NetName=+5 Pin=C5-1
Removed Pin From Net: NetName=GND Pin=C5-2
Change Component Footprint: Designator=C4 Old Footprint=AVX-1206-2_L New Footprint=C1206
Change Footprint: Footprint Not Found CAPC3216X190N
Change Component Comment : Designator=C4 Old Comment=1206GC102KAT1A New Comment=C1206C334K1RECAUTO
Change Component Comment : Designator=C5 Old Comment=1206GC102KAT1A New Comment=MCJCU31LBB7104KTPA01
Change Component Designator: OldDesignator=PowerIn(12V) NewDesignator=Power
Change Component Designator: OldDesignator=PowerOut(5V) NewDesignator=Power(5V)
Change Managed Component Library Link : Designator=C4 Old VaultGUID=B7D15EC3-160A-466F-A46C-7801FE6295A7 New VaultGUID= Old ItemGUID=91728B7D-81C8-4A2C-8020-7685BFCC9C78 New ItemGUID= Old RevisionGUID=6F7B91D9-F7FB-482A-A602-9495D4A3B18C New RevisionGUID=
Change Managed Component Library Link : Designator=C5 Old VaultGUID=B7D15EC3-160A-466F-A46C-7801FE6295A7 New VaultGUID= Old ItemGUID=91728B7D-81C8-4A2C-8020-7685BFCC9C78 New ItemGUID= Old RevisionGUID=6F7B91D9-F7FB-482A-A602-9495D4A3B18C New RevisionGUID=
Change component parameters: Designator = "C4" ("C4"); Footprint = "AVX-1206-2_L"; UniqueID = "\XUAJEVRA\AQXLUROY" ("\XUAJEVRA\AQXLUROY")
Change component parameters (AddParameter): Name = "Arrow Part Number"; Value = "C1206C334K1RECAUTO"; VariantName = "[No Variations]"
Change component parameters (AddParameter): Name = "Arrow Price/Stock"; Value = "https://www.arrow.com/en/products/c1206c334k1recauto/kemet-corporation"; VariantName = "[No Variations]"
Change component parameters (AddParameter): Name = "Datasheet Link"; Value = "https://content.kemet.com/datasheets/KEM_C1090_X7R_ESD.pdf"; VariantName = "[No Variations]"
Change component parameters (AddParameter): Name = "Manufacturer_Name"; Value = "KEMET"; VariantName = "[No Variations]"
Change component parameters (AddParameter): Name = "Manufacturer_Part_Number"; Value = "C1206C334K1RECAUTO"; VariantName = "[No Variations]"
Change component parameters (AddParameter): Name = "Mouser Part Number"; Value = "80-C1206C334K1RECAUT"; VariantName = "[No Variations]"
Change component parameters (AddParameter): Name = "Mouser Price/Stock"; Value = "https://www.mouser.co.uk/ProductDetail/KEMET/C1206C334K1RECAUTO?qs=MLItCLRbWsx8dVF2h1wzKg%3D%3D"; VariantName = "[No Variations]"
Change component parameters: Designator = "C5" ("C5"); Footprint = "AVX-1206-2_L"; UniqueID = "\XUAJEVRA\MYSOARGU" ("\XUAJEVRA\MYSOARGU")
Change component parameters (AddParameter): Name = "Arrow Part Number"; Value = ""; VariantName = "[No Variations]"
Change component parameters (AddParameter): Name = "Arrow Price/Stock"; Value = ""; VariantName = "[No Variations]"
Change component parameters (AddParameter): Name = "Datasheet Link"; Value = "https://ds.yuden.co.jp/TYCOMPAS/ap/specSheet?pn=MCJCU31LBB7104KTPA01"; VariantName = "[No Variations]"
Change component parameters (AddParameter): Name = "Height"; Value = "1.9mm"; VariantName = "[No Variations]"
Change component parameters (AddParameter): Name = "Manufacturer_Name"; Value = "TAIYO YUDEN"; VariantName = "[No Variations]"
Change component parameters (AddParameter): Name = "Manufacturer_Part_Number"; Value = "MCJCU31LBB7104KTPA01"; VariantName = "[No Variations]"
Change component parameters (AddParameter): Name = "Mouser Part Number"; Value = "963-MCJCU31LBB7104KT"; VariantName = "[No Variations]"
Change component parameters (AddParameter): Name = "Mouser Price/Stock"; Value = "https://www.mouser.co.uk/ProductDetail/TAIYO-YUDEN/MCJCU31LBB7104KTPA01?qs=tlsG%2FOw5FFgiqRcQEEePOw%3D%3D"; VariantName = "[No Variations]"
Added Pin To Net: NetName=GND Pin=C4-2
Added Pin To Net: NetName=GND Pin=C5-1
Added Pin To Net: NetName=+5 Pin=C5-2
Added Pin To Net: NetName=NetC4_1 Pin=C4-1
Added Pin To Net: NetName=NetC4_1 Pin=Power-1
Added Pin To Net: NetName=NetC4_1 Pin=U2-1
Added Net: Name=NetC4_1
