Change Component Designator: Old Designator=C? New Designator=C1
Change Component Designator: Old Designator=C? New Designator=C2
Change Component Designator: Old Designator=C? New Designator=C3
Change Component Designator: Old Designator=C? New Designator=C4
Change Component Designator: Old Designator=C? New Designator=C5
Change Component Designator: Old Designator=C? New Designator=C6
Change Component Designator: Old Designator=C? New Designator=C7
Change Component Designator: Old Designator=C? New Designator=C8
Change Component Designator: Old Designator=C? New Designator=C9
Change Component Designator: Old Designator=J2 New Designator=J9
Change Component Designator: Old Designator=J3 New Designator=J2
Change Component Designator: Old Designator=J4 New Designator=J11
Change Component Designator: Old Designator=J5 New Designator=J4
Change Component Designator: Old Designator=J6 New Designator=J12
Change Component Designator: Old Designator=J7 New Designator=J8
Change Component Designator: Old Designator=J8 New Designator=J10
Change Component Designator: Old Designator=J9 New Designator=J13
Change Component Designator: Old Designator=J11 New Designator=J3
Change Component Designator: Old Designator=J12 New Designator=J5
Change Component Designator: Old Designator=J13 New Designator=J6
Change Component Designator: Old Designator=J14 New Designator=J7
Change Component Designator: Old Designator=LED? New Designator=LED1
Change Component Designator: Old Designator=R? New Designator=R2
Change Component Designator: Old Designator=S1 New Designator=S4
Change Component Designator: Old Designator=S4 New Designator=S1
Change Component Designator: Old Designator=S5 New Designator=S2
Change Component Designator: Old Designator=U? New Designator=U2
